UpdateCTestConfiguration  from :/home/jdaehn/src/repos/msu/sp24/grading/scripts/lab01-jjs22s/cmake-build-debug/DartConfiguration.tcl
Parse Config file:/home/jdaehn/src/repos/msu/sp24/grading/scripts/lab01-jjs22s/cmake-build-debug/DartConfiguration.tcl
UpdateCTestConfiguration  from :/home/jdaehn/src/repos/msu/sp24/grading/scripts/lab01-jjs22s/cmake-build-debug/DartConfiguration.tcl
Parse Config file:/home/jdaehn/src/repos/msu/sp24/grading/scripts/lab01-jjs22s/cmake-build-debug/DartConfiguration.tcl
Test project /home/jdaehn/src/repos/msu/sp24/grading/scripts/lab01-jjs22s/cmake-build-debug
Constructing a list of tests
Done constructing a list of tests
Updating test list for fixtures
Added 0 tests to meet fixture requirements
Checking test dependency graph...
Checking test dependency graph end
test 1
    Start 1: tests_NOT_BUILT-b12d07c
Could not find executable tests_NOT_BUILT-b12d07c
Looked in the following places:
tests_NOT_BUILT-b12d07c
tests_NOT_BUILT-b12d07c
Release/tests_NOT_BUILT-b12d07c
Release/tests_NOT_BUILT-b12d07c
Debug/tests_NOT_BUILT-b12d07c
Debug/tests_NOT_BUILT-b12d07c
MinSizeRel/tests_NOT_BUILT-b12d07c
MinSizeRel/tests_NOT_BUILT-b12d07c
RelWithDebInfo/tests_NOT_BUILT-b12d07c
RelWithDebInfo/tests_NOT_BUILT-b12d07c
Deployment/tests_NOT_BUILT-b12d07c
Deployment/tests_NOT_BUILT-b12d07c
Development/tests_NOT_BUILT-b12d07c
Development/tests_NOT_BUILT-b12d07c

1: Test command: 
1/1 Test #1: tests_NOT_BUILT-b12d07c ..........***Not Run   0.00 sec

0% tests passed, 1 tests failed out of 1

Total Test time (real) =   0.12 sec

The following tests FAILED:
	  1 - tests_NOT_BUILT-b12d07c (Not Run)
UpdateCTestConfiguration  from :/home/jdaehn/src/repos/msu/sp24/grading/scripts/lab01-jjs22s/cmake-build-debug/DartConfiguration.tcl
Parse Config file:/home/jdaehn/src/repos/msu/sp24/grading/scripts/lab01-jjs22s/cmake-build-debug/DartConfiguration.tcl
UpdateCTestConfiguration  from :/home/jdaehn/src/repos/msu/sp24/grading/scripts/lab01-jjs22s/cmake-build-debug/DartConfiguration.tcl
Parse Config file:/home/jdaehn/src/repos/msu/sp24/grading/scripts/lab01-jjs22s/cmake-build-debug/DartConfiguration.tcl
Test project /home/jdaehn/src/repos/msu/sp24/grading/scripts/lab01-jjs22s/cmake-build-debug
Constructing a list of tests
Done constructing a list of tests
Updating test list for fixtures
Added 0 tests to meet fixture requirements
Checking test dependency graph...
Checking test dependency graph end
test 1
    Start 1: Scenario: Evaluate Code for Task 1

1: Test command: /home/jdaehn/src/repos/msu/sp24/grading/scripts/lab01-jjs22s/cmake-build-debug/tests "Scenario: Evaluate Code for Task 1"
1: Test timeout computed to be: 1500
1: Filters: "Scenario: Evaluate Code for Task 1"
1: Randomness seeded to: 3041399631
1: ===============================================================================
1: All tests passed (4 assertions in 1 test case)
1: 
1/3 Test #1: Scenario: Evaluate Code for Task 1 ...   Passed    0.00 sec
test 2
    Start 2: Scenario: Evaluate Code for Task 2

2: Test command: /home/jdaehn/src/repos/msu/sp24/grading/scripts/lab01-jjs22s/cmake-build-debug/tests "Scenario: Evaluate Code for Task 2"
2: Test timeout computed to be: 1500
2: Filters: "Scenario: Evaluate Code for Task 2"
2: Randomness seeded to: 2825312066
2: ===============================================================================
2: All tests passed (2 assertions in 1 test case)
2: 
2/3 Test #2: Scenario: Evaluate Code for Task 2 ...   Passed    0.01 sec
test 3
    Start 3: Scenario: Evaluate Code for Task 3

3: Test command: /home/jdaehn/src/repos/msu/sp24/grading/scripts/lab01-jjs22s/cmake-build-debug/tests "Scenario: Evaluate Code for Task 3"
3: Test timeout computed to be: 1500
3: Filters: "Scenario: Evaluate Code for Task 3"
3: Randomness seeded to: 1108668629
3: ===============================================================================
3: All tests passed (2 assertions in 1 test case)
3: 
3/3 Test #3: Scenario: Evaluate Code for Task 3 ...   Passed    0.00 sec

100% tests passed, 0 tests failed out of 3

Total Test time (real) =   0.02 sec
